c:\users\ztb\desktop\snake game - project\1st deliverable\snake game - 1st deliverable\snake game\debug\vc120.pdb
c:\users\ztb\desktop\snake game - project\1st deliverable\snake game - 1st deliverable\snake game\debug\vc120.idb
c:\users\ztb\desktop\snake game - project\1st deliverable\snake game - 1st deliverable\snake game\debug\bgiout.obj
c:\users\ztb\desktop\snake game - project\1st deliverable\snake game - 1st deliverable\snake game\debug\dibutil.obj
c:\users\ztb\desktop\snake game - project\1st deliverable\snake game - 1st deliverable\snake game\debug\drawing.obj
c:\users\ztb\desktop\snake game - project\1st deliverable\snake game - 1st deliverable\snake game\debug\file.obj
c:\users\ztb\desktop\snake game - project\1st deliverable\snake game - 1st deliverable\snake game\debug\misc.obj
c:\users\ztb\desktop\snake game - project\1st deliverable\snake game - 1st deliverable\snake game\debug\mouse.obj
c:\users\ztb\desktop\snake game - project\1st deliverable\snake game - 1st deliverable\snake game\debug\palette.obj
c:\users\ztb\desktop\snake game - project\1st deliverable\snake game - 1st deliverable\snake game\debug\source.obj
c:\users\ztb\desktop\snake game - project\1st deliverable\snake game - 1st deliverable\snake game\debug\text.obj
c:\users\ztb\desktop\snake game - project\1st deliverable\snake game - 1st deliverable\snake game\debug\winbgi.obj
c:\users\ztb\desktop\snake game - project\1st deliverable\snake game - 1st deliverable\snake game\debug\winthread.obj
c:\users\ztb\desktop\snake game - project\1st deliverable\snake game - 1st deliverable\snake game\debug\main.obj
c:\users\ztb\desktop\snake game - project\1st deliverable\snake game - 1st deliverable\snake game\debug\bgi.ilk
c:\users\ztb\desktop\snake game - project\1st deliverable\snake game - 1st deliverable\snake game\debug\bgi.exe
c:\users\ztb\desktop\snake game - project\1st deliverable\snake game - 1st deliverable\snake game\debug\bgi.pdb
c:\users\ztb\desktop\snake game - project\1st deliverable\snake game - 1st deliverable\snake game\debug\bgi.tlog\cl.command.1.tlog
c:\users\ztb\desktop\snake game - project\1st deliverable\snake game - 1st deliverable\snake game\debug\bgi.tlog\cl.read.1.tlog
c:\users\ztb\desktop\snake game - project\1st deliverable\snake game - 1st deliverable\snake game\debug\bgi.tlog\cl.write.1.tlog
c:\users\ztb\desktop\snake game - project\1st deliverable\snake game - 1st deliverable\snake game\debug\bgi.tlog\link.command.1.tlog
c:\users\ztb\desktop\snake game - project\1st deliverable\snake game - 1st deliverable\snake game\debug\bgi.tlog\link.read.1.tlog
c:\users\ztb\desktop\snake game - project\1st deliverable\snake game - 1st deliverable\snake game\debug\bgi.tlog\link.write.1.tlog
